This file contains any messages produced by compilers while
running configure, to aid debugging if configure makes a mistake.

It was created by configure, which was
generated by GNU Autoconf 2.59.  Invocation command line was

  $ ./configure --with-freetype2-includes=/boot/System/nix/include

## --------- ##
## Platform. ##
## --------- ##

hostname = syllable
uname -m = i586
uname -r = 6
uname -s = syllable
uname -v = 0.6

/usr/bin/uname -p = unknown
/bin/uname -X     = unknown

/bin/arch              = unknown
/usr/bin/arch -k       = unknown
/usr/convex/getsysinfo = unknown
hostinfo               = unknown
/bin/machine           = unknown
/usr/bin/oslevel       = unknown
/bin/universe          = unknown

PATH: /resources/indexes/sbin
PATH: /resources/indexes/bin
PATH: /usr/local/sbin
PATH: /usr/local/bin
PATH: /bin
PATH: /system/indexes/sbin
PATH: /system/indexes/bin
PATH: /system/bin
PATH: /boot/System/nix/bin
PATH: /boot/System/nix/sbin
PATH: ./


## ----------- ##
## Core tests. ##
## ----------- ##

configure:1464: checking for gcc
configure:1490: result: gcc
configure:1734: checking for C compiler version
configure:1737: gcc --version </dev/null >&5
gcc (GCC) 4.1.2
Copyright (C) 2006 Free Software Foundation, Inc.
This is free software; see the source for copying conditions.  There is NO
warranty; not even for MERCHANTABILITY or FITNESS FOR A PARTICULAR PURPOSE.

configure:1740: $? = 0
configure:1742: gcc -v </dev/null >&5
Using built-in specs.
Target: i586-pc-syllable
Configured with: /boot/home/kaj/build/gcc-4.1.2/configure --prefix=/usr/gcc --enable-languages=c,c++,treelang --with-arch=i586 --enable-sjlj-exceptions --enable-shared --enable-threads --with-system-zlib --disable-libstdcxx-pch
Thread model: syllable
gcc version 4.1.2
configure:1745: $? = 0
configure:1747: gcc -V </dev/null >&5
gcc: '-V' option must have argument
configure:1750: $? = 1
configure:1773: checking for C compiler default output file name
configure:1776: gcc    conftest.c  >&5
configure:1779: $? = 0
configure:1825: result: a.out
configure:1830: checking whether the C compiler works
configure:1836: ./a.out
configure:1839: $? = 0
configure:1856: result: yes
configure:1863: checking whether we are cross compiling
configure:1865: result: no
configure:1868: checking for suffix of executables
configure:1870: gcc -o conftest    conftest.c  >&5
configure:1873: $? = 0
configure:1898: result: 
configure:1904: checking for suffix of object files
configure:1925: gcc -c   conftest.c >&5
configure:1928: $? = 0
configure:1950: result: o
configure:1954: checking whether we are using the GNU C compiler
configure:1978: gcc -c   conftest.c >&5
configure:1984: $? = 0
configure:1988: test -z 
			 || test ! -s conftest.err
configure:1991: $? = 0
configure:1994: test -s conftest.o
configure:1997: $? = 0
configure:2010: result: yes
configure:2016: checking whether gcc accepts -g
configure:2037: gcc -c -g  conftest.c >&5
configure:2043: $? = 0
configure:2047: test -z 
			 || test ! -s conftest.err
configure:2050: $? = 0
configure:2053: test -s conftest.o
configure:2056: $? = 0
configure:2067: result: yes
configure:2084: checking for gcc option to accept ANSI C
configure:2154: gcc  -c -g -O2  conftest.c >&5
configure:2160: $? = 0
configure:2164: test -z 
			 || test ! -s conftest.err
configure:2167: $? = 0
configure:2170: test -s conftest.o
configure:2173: $? = 0
configure:2191: result: none needed
configure:2209: gcc -c -g -O2  conftest.c >&5
conftest.c:2: error: expected '=', ',', ';', 'asm' or '__attribute__' before 'me'
configure:2215: $? = 1
configure: failed program was:
| #ifndef __cplusplus
|   choke me
| #endif
configure:2349: checking for library containing strerror
configure:2379: gcc -o conftest -g -O2   conftest.c  >&5
configure:2385: $? = 0
configure:2389: test -z 
			 || test ! -s conftest.err
configure:2392: $? = 0
configure:2395: test -s conftest
configure:2398: $? = 0
configure:2468: result: none required
configure:2573: checking for C++ compiler version
configure:2576: g++ --version </dev/null >&5
g++ (GCC) 4.1.2
Copyright (C) 2006 Free Software Foundation, Inc.
This is free software; see the source for copying conditions.  There is NO
warranty; not even for MERCHANTABILITY or FITNESS FOR A PARTICULAR PURPOSE.

configure:2579: $? = 0
configure:2581: g++ -v </dev/null >&5
Using built-in specs.
Target: i586-pc-syllable
Configured with: /boot/home/kaj/build/gcc-4.1.2/configure --prefix=/usr/gcc --enable-languages=c,c++,treelang --with-arch=i586 --enable-sjlj-exceptions --enable-shared --enable-threads --with-system-zlib --disable-libstdcxx-pch
Thread model: syllable
gcc version 4.1.2
configure:2584: $? = 0
configure:2586: g++ -V </dev/null >&5
g++: '-V' option must have argument
configure:2589: $? = 1
configure:2592: checking whether we are using the GNU C++ compiler
configure:2616: g++ -c   conftest.cc >&5
configure:2622: $? = 0
configure:2626: test -z 
			 || test ! -s conftest.err
configure:2629: $? = 0
configure:2632: test -s conftest.o
configure:2635: $? = 0
configure:2648: result: yes
configure:2654: checking whether g++ accepts -g
configure:2675: g++ -c -g  conftest.cc >&5
configure:2681: $? = 0
configure:2685: test -z 
			 || test ! -s conftest.err
configure:2688: $? = 0
configure:2691: test -s conftest.o
configure:2694: $? = 0
configure:2705: result: yes
configure:2747: g++ -c -g -O2  conftest.cc >&5
configure:2753: $? = 0
configure:2757: test -z 
			 || test ! -s conftest.err
configure:2760: $? = 0
configure:2763: test -s conftest.o
configure:2766: $? = 0
configure:2792: g++ -c -g -O2  conftest.cc >&5
conftest.cc: In function 'int main()':
conftest.cc:14: error: 'exit' was not declared in this scope
configure:2798: $? = 1
configure: failed program was:
| /* confdefs.h.  */
| 
| #define PACKAGE_NAME ""
| #define PACKAGE_TARNAME ""
| #define PACKAGE_VERSION ""
| #define PACKAGE_STRING ""
| #define PACKAGE_BUGREPORT ""
| #define SYSTEM_XPDFRC "/usr/local/etc/xpdfrc"
| /* end confdefs.h.  */
| 
| int
| main ()
| {
| exit (42);
|   ;
|   return 0;
| }
configure:2747: g++ -c -g -O2  conftest.cc >&5
configure:2753: $? = 0
configure:2757: test -z 
			 || test ! -s conftest.err
configure:2760: $? = 0
configure:2763: test -s conftest.o
configure:2766: $? = 0
configure:2792: g++ -c -g -O2  conftest.cc >&5
configure:2798: $? = 0
configure:2802: test -z 
			 || test ! -s conftest.err
configure:2805: $? = 0
configure:2808: test -s conftest.o
configure:2811: $? = 0
configure:2872: checking for a BSD-compatible install
configure:2927: result: /system/indexes/bin/install -c
configure:2979: checking for ranlib
configure:2995: found /resources/indexes/bin/ranlib
configure:3006: result: ranlib
configure:3024: checking for OS/2 (with EMX)
configure:3045: gcc -c -g -O2  conftest.c >&5
conftest.c: In function 'main':
conftest.c:17: error: '__EMX__' undeclared (first use in this function)
conftest.c:17: error: (Each undeclared identifier is reported only once
conftest.c:17: error: for each function it appears in.)
configure:3051: $? = 1
configure: failed program was:
| /* confdefs.h.  */
| 
| #define PACKAGE_NAME ""
| #define PACKAGE_TARNAME ""
| #define PACKAGE_VERSION ""
| #define PACKAGE_STRING ""
| #define PACKAGE_BUGREPORT ""
| #define SYSTEM_XPDFRC "/usr/local/etc/xpdfrc"
| #ifdef __cplusplus
| extern "C" void std::exit (int) throw (); using std::exit;
| #endif
| /* end confdefs.h.  */
| 
| int
| main ()
| {
| __EMX__
|   ;
|   return 0;
| }
configure:3075: result: no
configure:3083: checking for DOS (with DJGPP)
configure:3104: gcc -c -g -O2  conftest.c >&5
conftest.c: In function 'main':
conftest.c:17: error: '__DJGPP__' undeclared (first use in this function)
conftest.c:17: error: (Each undeclared identifier is reported only once
conftest.c:17: error: for each function it appears in.)
configure:3110: $? = 1
configure: failed program was:
| /* confdefs.h.  */
| 
| #define PACKAGE_NAME ""
| #define PACKAGE_TARNAME ""
| #define PACKAGE_VERSION ""
| #define PACKAGE_STRING ""
| #define PACKAGE_BUGREPORT ""
| #define SYSTEM_XPDFRC "/usr/local/etc/xpdfrc"
| #ifdef __cplusplus
| extern "C" void std::exit (int) throw (); using std::exit;
| #endif
| /* end confdefs.h.  */
| 
| int
| main ()
| {
| __DJGPP__
|   ;
|   return 0;
| }
configure:3134: result: no
configure:3153: checking how to run the C preprocessor
configure:3188: gcc -E  conftest.c
configure:3194: $? = 0
configure:3226: gcc -E  conftest.c
conftest.c:13:28: error: ac_nonexistent.h: No such file or directory
configure:3232: $? = 1
configure: failed program was:
| /* confdefs.h.  */
| 
| #define PACKAGE_NAME ""
| #define PACKAGE_TARNAME ""
| #define PACKAGE_VERSION ""
| #define PACKAGE_STRING ""
| #define PACKAGE_BUGREPORT ""
| #define SYSTEM_XPDFRC "/usr/local/etc/xpdfrc"
| #ifdef __cplusplus
| extern "C" void std::exit (int) throw (); using std::exit;
| #endif
| /* end confdefs.h.  */
| #include <ac_nonexistent.h>
configure:3271: result: gcc -E
configure:3295: gcc -E  conftest.c
configure:3301: $? = 0
configure:3333: gcc -E  conftest.c
conftest.c:13:28: error: ac_nonexistent.h: No such file or directory
configure:3339: $? = 1
configure: failed program was:
| /* confdefs.h.  */
| 
| #define PACKAGE_NAME ""
| #define PACKAGE_TARNAME ""
| #define PACKAGE_VERSION ""
| #define PACKAGE_STRING ""
| #define PACKAGE_BUGREPORT ""
| #define SYSTEM_XPDFRC "/usr/local/etc/xpdfrc"
| #ifdef __cplusplus
| extern "C" void std::exit (int) throw (); using std::exit;
| #endif
| /* end confdefs.h.  */
| #include <ac_nonexistent.h>
configure:3383: checking for X
configure:3488: gcc -E  conftest.c
conftest.c:13:27: error: X11/Intrinsic.h: No such file or directory
configure:3494: $? = 1
configure: failed program was:
| /* confdefs.h.  */
| 
| #define PACKAGE_NAME ""
| #define PACKAGE_TARNAME ""
| #define PACKAGE_VERSION ""
| #define PACKAGE_STRING ""
| #define PACKAGE_BUGREPORT ""
| #define SYSTEM_XPDFRC "/usr/local/etc/xpdfrc"
| #ifdef __cplusplus
| extern "C" void std::exit (int) throw (); using std::exit;
| #endif
| /* end confdefs.h.  */
| #include <X11/Intrinsic.h>
configure:3544: gcc -o conftest -g -O2   conftest.c -lXt  >&5
conftest.c:13:27: error: X11/Intrinsic.h: No such file or directory
configure:3550: $? = 1
configure: failed program was:
| /* confdefs.h.  */
| 
| #define PACKAGE_NAME ""
| #define PACKAGE_TARNAME ""
| #define PACKAGE_VERSION ""
| #define PACKAGE_STRING ""
| #define PACKAGE_BUGREPORT ""
| #define SYSTEM_XPDFRC "/usr/local/etc/xpdfrc"
| #ifdef __cplusplus
| extern "C" void std::exit (int) throw (); using std::exit;
| #endif
| /* end confdefs.h.  */
| #include <X11/Intrinsic.h>
| int
| main ()
| {
| XtMalloc (0)
|   ;
|   return 0;
| }
configure:3603: result: no
configure:4779: checking for dirent.h that defines DIR
configure:4803: gcc -c -g -O2  conftest.c >&5
configure:4809: $? = 0
configure:4813: test -z 
			 || test ! -s conftest.err
configure:4816: $? = 0
configure:4819: test -s conftest.o
configure:4822: $? = 0
configure:4833: result: yes
configure:4846: checking for library containing opendir
configure:4876: gcc -o conftest -g -O2   conftest.c  >&5
configure:4882: $? = 0
configure:4886: test -z 
			 || test ! -s conftest.err
configure:4889: $? = 0
configure:4892: test -s conftest
configure:4895: $? = 0
configure:4965: result: none required
configure:5110: checking for gethostbyname
configure:5167: g++ -o conftest -g -O2   conftest.cc  >&5
configure:5173: $? = 0
configure:5177: test -z 
			 || test ! -s conftest.err
configure:5180: $? = 0
configure:5183: test -s conftest
configure:5186: $? = 0
configure:5198: result: yes
configure:5272: checking select() and fd_set in sys/select.h and sys/bsdtypes.h
configure:5294: g++ -c -g -O2  conftest.cc >&5
configure:5300: $? = 0
configure:5304: test -z 
			 || test ! -s conftest.err
configure:5307: $? = 0
configure:5310: test -s conftest.o
configure:5313: $? = 0
configure:5324: result: not needed
configure:5449: checking FD_ZERO and strings.h or bstring.h
configure:5471: g++ -c -g -O2  conftest.cc >&5
configure:5477: $? = 0
configure:5481: test -z 
			 || test ! -s conftest.err
configure:5484: $? = 0
configure:5487: test -s conftest.o
configure:5490: $? = 0
configure:5501: result: not needed
configure:5630: checking for rewinddir
configure:5687: g++ -o conftest -g -O2   conftest.cc  >&5
configure:5693: $? = 0
configure:5697: test -z 
			 || test ! -s conftest.err
configure:5700: $? = 0
configure:5703: test -s conftest
configure:5706: $? = 0
configure:5718: result: yes
configure:5809: checking for popen
configure:5866: g++ -o conftest -g -O2   conftest.cc  >&5
configure:5872: $? = 0
configure:5876: test -z 
			 || test ! -s conftest.err
configure:5879: $? = 0
configure:5882: test -s conftest
configure:5885: $? = 0
configure:5897: result: yes
configure:5907: checking for mkstemp
configure:5929: g++ -o conftest -g -O2   conftest.cc  >&5
configure:5935: $? = 0
configure:5939: test -z 
			 || test ! -s conftest.err
configure:5942: $? = 0
configure:5945: test -s conftest
configure:5948: $? = 0
configure:5960: result: yes
configure:5968: checking for mkstemps
configure:5990: g++ -o conftest -g -O2   conftest.cc  >&5
conftest.cc: In function 'int main()':
conftest.cc:23: error: 'mkstemps' was not declared in this scope
configure:5996: $? = 1
configure: failed program was:
| /* confdefs.h.  */
| 
| #define PACKAGE_NAME ""
| #define PACKAGE_TARNAME ""
| #define PACKAGE_VERSION ""
| #define PACKAGE_STRING ""
| #define PACKAGE_BUGREPORT ""
| #define SYSTEM_XPDFRC "/usr/local/etc/xpdfrc"
| #ifdef __cplusplus
| extern "C" void std::exit (int) throw (); using std::exit;
| #endif
| #define X_DISPLAY_MISSING 1
| #define HAVE_DIRENT_H 1
| #define HAVE_REWINDDIR 1
| #define HAVE_POPEN 1
| #define HAVE_MKSTEMP 1
| /* end confdefs.h.  */
| #include <stdlib.h>
| #include <unistd.h>
| int
| main ()
| {
| mkstemps("foo", 0);
|   ;
|   return 0;
| }
configure:6021: result: no
configure:6030: checking whether select takes fd_set arguments
configure:6057: g++ -c -g -O2  conftest.cc >&5
configure:6063: $? = 0
configure:6067: test -z 
			 || test ! -s conftest.err
configure:6070: $? = 0
configure:6073: test -s conftest.o
configure:6076: $? = 0
configure:6087: result: yes
configure:6110: checking for special C compiler options needed for large files
configure:6209: result: no
configure:6215: checking for _FILE_OFFSET_BITS value needed for large files
configure:6246: gcc -c -g -O2  conftest.c >&5
configure:6252: $? = 0
configure:6256: test -z 
			 || test ! -s conftest.err
configure:6259: $? = 0
configure:6262: test -s conftest.o
configure:6265: $? = 0
configure:6330: result: no
configure:6340: checking for _LARGE_FILES value needed for large files
configure:6371: gcc -c -g -O2  conftest.c >&5
configure:6377: $? = 0
configure:6381: test -z 
			 || test ! -s conftest.err
configure:6384: $? = 0
configure:6387: test -s conftest.o
configure:6390: $? = 0
configure:6455: result: no
configure:6467: checking for _LARGEFILE_SOURCE value needed for large files
configure:6490: gcc -c -g -O2  conftest.c >&5
conftest.c: In function 'main':
conftest.c:22: warning: the address of 'fseeko', will always evaluate as 'true'
configure:6496: $? = 0
configure:6500: test -z 
			 || test ! -s conftest.err
configure:6503: $? = 0
configure:6506: test -s conftest.o
configure:6509: $? = 0
configure:6566: result: no
configure:6580: checking for fseeko
configure:6601: gcc -o conftest -g -O2   conftest.c  >&5
conftest.c: In function 'main':
conftest.c:22: warning: the address of 'fseeko', will always evaluate as 'true'
configure:6607: $? = 0
configure:6611: test -z 
			 || test ! -s conftest.err
configure:6614: $? = 0
configure:6617: test -s conftest
configure:6620: $? = 0
configure:6632: result: yes
configure:6646: checking for fseek64
configure:6703: gcc -o conftest -g -O2   conftest.c  >&5
/tmp/ccUIQt9p.o: In function `main':
/PyroSource/CVS/Trouble/Pyro_Base/WTF/xpdf/conftest.c:58: undefined reference to `fseek64'
/PyroSource/CVS/Trouble/Pyro_Base/WTF/xpdf/conftest.c:58: undefined reference to `fseek64'
collect2: ld returned 1 exit status
configure:6709: $? = 1
configure: failed program was:
| /* confdefs.h.  */
| 
| #define PACKAGE_NAME ""
| #define PACKAGE_TARNAME ""
| #define PACKAGE_VERSION ""
| #define PACKAGE_STRING ""
| #define PACKAGE_BUGREPORT ""
| #define SYSTEM_XPDFRC "/usr/local/etc/xpdfrc"
| #ifdef __cplusplus
| extern "C" void std::exit (int) throw (); using std::exit;
| #endif
| #define X_DISPLAY_MISSING 1
| #define HAVE_DIRENT_H 1
| #define HAVE_REWINDDIR 1
| #define HAVE_POPEN 1
| #define HAVE_MKSTEMP 1
| #define HAVE_FSEEKO 1
| /* end confdefs.h.  */
| /* Define fseek64 to an innocuous variant, in case <limits.h> declares fseek64.
|    For example, HP-UX 11i <limits.h> declares gettimeofday.  */
| #define fseek64 innocuous_fseek64
| 
| /* System header to define __stub macros and hopefully few prototypes,
|     which can conflict with char fseek64 (); below.
|     Prefer <limits.h> to <assert.h> if __STDC__ is defined, since
|     <limits.h> exists even on freestanding compilers.  */
| 
| #ifdef __STDC__
| # include <limits.h>
| #else
| # include <assert.h>
| #endif
| 
| #undef fseek64
| 
| /* Override any gcc2 internal prototype to avoid an error.  */
| #ifdef __cplusplus
| extern "C"
| {
| #endif
| /* We use char because int might match the return type of a gcc2
|    builtin and then its argument prototype would still apply.  */
| char fseek64 ();
| /* The GNU C library defines this for functions which it implements
|     to always fail with ENOSYS.  Some functions are actually named
|     something starting with __ and the normal name is an alias.  */
| #if defined (__stub_fseek64) || defined (__stub___fseek64)
| choke me
| #else
| char (*f) () = fseek64;
| #endif
| #ifdef __cplusplus
| }
| #endif
| 
| int
| main ()
| {
| return f != fseek64;
|   ;
|   return 0;
| }
configure:6734: result: no
configure:6750: checking for ftell64
configure:6807: gcc -o conftest -g -O2   conftest.c  >&5
/tmp/ccPdFxSQ.o: In function `main':
/PyroSource/CVS/Trouble/Pyro_Base/WTF/xpdf/conftest.c:58: undefined reference to `ftell64'
/PyroSource/CVS/Trouble/Pyro_Base/WTF/xpdf/conftest.c:58: undefined reference to `ftell64'
collect2: ld returned 1 exit status
configure:6813: $? = 1
configure: failed program was:
| /* confdefs.h.  */
| 
| #define PACKAGE_NAME ""
| #define PACKAGE_TARNAME ""
| #define PACKAGE_VERSION ""
| #define PACKAGE_STRING ""
| #define PACKAGE_BUGREPORT ""
| #define SYSTEM_XPDFRC "/usr/local/etc/xpdfrc"
| #ifdef __cplusplus
| extern "C" void std::exit (int) throw (); using std::exit;
| #endif
| #define X_DISPLAY_MISSING 1
| #define HAVE_DIRENT_H 1
| #define HAVE_REWINDDIR 1
| #define HAVE_POPEN 1
| #define HAVE_MKSTEMP 1
| #define HAVE_FSEEKO 1
| /* end confdefs.h.  */
| /* Define ftell64 to an innocuous variant, in case <limits.h> declares ftell64.
|    For example, HP-UX 11i <limits.h> declares gettimeofday.  */
| #define ftell64 innocuous_ftell64
| 
| /* System header to define __stub macros and hopefully few prototypes,
|     which can conflict with char ftell64 (); below.
|     Prefer <limits.h> to <assert.h> if __STDC__ is defined, since
|     <limits.h> exists even on freestanding compilers.  */
| 
| #ifdef __STDC__
| # include <limits.h>
| #else
| # include <assert.h>
| #endif
| 
| #undef ftell64
| 
| /* Override any gcc2 internal prototype to avoid an error.  */
| #ifdef __cplusplus
| extern "C"
| {
| #endif
| /* We use char because int might match the return type of a gcc2
|    builtin and then its argument prototype would still apply.  */
| char ftell64 ();
| /* The GNU C library defines this for functions which it implements
|     to always fail with ENOSYS.  Some functions are actually named
|     something starting with __ and the normal name is an alias.  */
| #if defined (__stub_ftell64) || defined (__stub___ftell64)
| choke me
| #else
| char (*f) () = ftell64;
| #endif
| #ifdef __cplusplus
| }
| #endif
| 
| int
| main ()
| {
| return f != ftell64;
|   ;
|   return 0;
| }
configure:6838: result: no
configure:9482: checking whether to use t1 library
configure:9489: result: maybe
configure:9540: checking where to find the t1 header files
configure:9547: result: 
configure:9580: checking t1lib.h usability
configure:9592: gcc -c -g -O2    conftest.c >&5
conftest.c:53:19: error: t1lib.h: No such file or directory
configure:9598: $? = 1
configure: failed program was:
| /* confdefs.h.  */
| 
| #define PACKAGE_NAME ""
| #define PACKAGE_TARNAME ""
| #define PACKAGE_VERSION ""
| #define PACKAGE_STRING ""
| #define PACKAGE_BUGREPORT ""
| #define SYSTEM_XPDFRC "/usr/local/etc/xpdfrc"
| #ifdef __cplusplus
| extern "C" void std::exit (int) throw (); using std::exit;
| #endif
| #define X_DISPLAY_MISSING 1
| #define HAVE_DIRENT_H 1
| #define HAVE_REWINDDIR 1
| #define HAVE_POPEN 1
| #define HAVE_MKSTEMP 1
| #define HAVE_FSEEKO 1
| /* end confdefs.h.  */
| #include <stdio.h>
| #if HAVE_SYS_TYPES_H
| # include <sys/types.h>
| #endif
| #if HAVE_SYS_STAT_H
| # include <sys/stat.h>
| #endif
| #if STDC_HEADERS
| # include <stdlib.h>
| # include <stddef.h>
| #else
| # if HAVE_STDLIB_H
| #  include <stdlib.h>
| # endif
| #endif
| #if HAVE_STRING_H
| # if !STDC_HEADERS && HAVE_MEMORY_H
| #  include <memory.h>
| # endif
| # include <string.h>
| #endif
| #if HAVE_STRINGS_H
| # include <strings.h>
| #endif
| #if HAVE_INTTYPES_H
| # include <inttypes.h>
| #else
| # if HAVE_STDINT_H
| #  include <stdint.h>
| # endif
| #endif
| #if HAVE_UNISTD_H
| # include <unistd.h>
| #endif
| #include <t1lib.h>
configure:9621: result: no
configure:9625: checking t1lib.h presence
configure:9635: gcc -E    conftest.c
conftest.c:19:19: error: t1lib.h: No such file or directory
configure:9641: $? = 1
configure: failed program was:
| /* confdefs.h.  */
| 
| #define PACKAGE_NAME ""
| #define PACKAGE_TARNAME ""
| #define PACKAGE_VERSION ""
| #define PACKAGE_STRING ""
| #define PACKAGE_BUGREPORT ""
| #define SYSTEM_XPDFRC "/usr/local/etc/xpdfrc"
| #ifdef __cplusplus
| extern "C" void std::exit (int) throw (); using std::exit;
| #endif
| #define X_DISPLAY_MISSING 1
| #define HAVE_DIRENT_H 1
| #define HAVE_REWINDDIR 1
| #define HAVE_POPEN 1
| #define HAVE_MKSTEMP 1
| #define HAVE_FSEEKO 1
| /* end confdefs.h.  */
| #include <t1lib.h>
configure:9661: result: no
configure:9696: checking for t1lib.h
configure:9703: result: no
configure:9815: result: not using t1 library
configure:9861: checking whether to use freetype2 library
configure:9868: result: maybe
configure:9919: checking where to find the freetype2 header files
configure:9926: result: /boot/System/nix/include
configure:9959: checking ft2build.h usability
configure:9971: gcc -c -g -O2  -I/boot/System/nix/include  conftest.c >&5
In file included from conftest.c:53:
/resources/indexes/include/ft2build.h:56:38: error: freetype/config/ftheader.h: No such file or directory
configure:9977: $? = 1
configure: failed program was:
| /* confdefs.h.  */
| 
| #define PACKAGE_NAME ""
| #define PACKAGE_TARNAME ""
| #define PACKAGE_VERSION ""
| #define PACKAGE_STRING ""
| #define PACKAGE_BUGREPORT ""
| #define SYSTEM_XPDFRC "/usr/local/etc/xpdfrc"
| #ifdef __cplusplus
| extern "C" void std::exit (int) throw (); using std::exit;
| #endif
| #define X_DISPLAY_MISSING 1
| #define HAVE_DIRENT_H 1
| #define HAVE_REWINDDIR 1
| #define HAVE_POPEN 1
| #define HAVE_MKSTEMP 1
| #define HAVE_FSEEKO 1
| /* end confdefs.h.  */
| #include <stdio.h>
| #if HAVE_SYS_TYPES_H
| # include <sys/types.h>
| #endif
| #if HAVE_SYS_STAT_H
| # include <sys/stat.h>
| #endif
| #if STDC_HEADERS
| # include <stdlib.h>
| # include <stddef.h>
| #else
| # if HAVE_STDLIB_H
| #  include <stdlib.h>
| # endif
| #endif
| #if HAVE_STRING_H
| # if !STDC_HEADERS && HAVE_MEMORY_H
| #  include <memory.h>
| # endif
| # include <string.h>
| #endif
| #if HAVE_STRINGS_H
| # include <strings.h>
| #endif
| #if HAVE_INTTYPES_H
| # include <inttypes.h>
| #else
| # if HAVE_STDINT_H
| #  include <stdint.h>
| # endif
| #endif
| #if HAVE_UNISTD_H
| # include <unistd.h>
| #endif
| #include <ft2build.h>
configure:10000: result: no
configure:10004: checking ft2build.h presence
configure:10014: gcc -E  -I/boot/System/nix/include  conftest.c
In file included from conftest.c:19:
/resources/indexes/include/ft2build.h:56:38: error: freetype/config/ftheader.h: No such file or directory
configure:10020: $? = 1
configure: failed program was:
| /* confdefs.h.  */
| 
| #define PACKAGE_NAME ""
| #define PACKAGE_TARNAME ""
| #define PACKAGE_VERSION ""
| #define PACKAGE_STRING ""
| #define PACKAGE_BUGREPORT ""
| #define SYSTEM_XPDFRC "/usr/local/etc/xpdfrc"
| #ifdef __cplusplus
| extern "C" void std::exit (int) throw (); using std::exit;
| #endif
| #define X_DISPLAY_MISSING 1
| #define HAVE_DIRENT_H 1
| #define HAVE_REWINDDIR 1
| #define HAVE_POPEN 1
| #define HAVE_MKSTEMP 1
| #define HAVE_FSEEKO 1
| /* end confdefs.h.  */
| #include <ft2build.h>
configure:10040: result: no
configure:10075: checking for ft2build.h
configure:10082: result: no
configure:10194: result: not using freetype2 library
configure:10246: checking whether to use libpaper library
configure:10253: result: maybe
configure:10304: checking where to find the libpaper header files
configure:10311: result: 
configure:10344: checking paper.h usability
configure:10356: gcc -c -g -O2    conftest.c >&5
conftest.c:53:19: error: paper.h: No such file or directory
configure:10362: $? = 1
configure: failed program was:
| /* confdefs.h.  */
| 
| #define PACKAGE_NAME ""
| #define PACKAGE_TARNAME ""
| #define PACKAGE_VERSION ""
| #define PACKAGE_STRING ""
| #define PACKAGE_BUGREPORT ""
| #define SYSTEM_XPDFRC "/usr/local/etc/xpdfrc"
| #ifdef __cplusplus
| extern "C" void std::exit (int) throw (); using std::exit;
| #endif
| #define X_DISPLAY_MISSING 1
| #define HAVE_DIRENT_H 1
| #define HAVE_REWINDDIR 1
| #define HAVE_POPEN 1
| #define HAVE_MKSTEMP 1
| #define HAVE_FSEEKO 1
| /* end confdefs.h.  */
| #include <stdio.h>
| #if HAVE_SYS_TYPES_H
| # include <sys/types.h>
| #endif
| #if HAVE_SYS_STAT_H
| # include <sys/stat.h>
| #endif
| #if STDC_HEADERS
| # include <stdlib.h>
| # include <stddef.h>
| #else
| # if HAVE_STDLIB_H
| #  include <stdlib.h>
| # endif
| #endif
| #if HAVE_STRING_H
| # if !STDC_HEADERS && HAVE_MEMORY_H
| #  include <memory.h>
| # endif
| # include <string.h>
| #endif
| #if HAVE_STRINGS_H
| # include <strings.h>
| #endif
| #if HAVE_INTTYPES_H
| # include <inttypes.h>
| #else
| # if HAVE_STDINT_H
| #  include <stdint.h>
| # endif
| #endif
| #if HAVE_UNISTD_H
| # include <unistd.h>
| #endif
| #include <paper.h>
configure:10385: result: no
configure:10389: checking paper.h presence
configure:10399: gcc -E    conftest.c
conftest.c:19:19: error: paper.h: No such file or directory
configure:10405: $? = 1
configure: failed program was:
| /* confdefs.h.  */
| 
| #define PACKAGE_NAME ""
| #define PACKAGE_TARNAME ""
| #define PACKAGE_VERSION ""
| #define PACKAGE_STRING ""
| #define PACKAGE_BUGREPORT ""
| #define SYSTEM_XPDFRC "/usr/local/etc/xpdfrc"
| #ifdef __cplusplus
| extern "C" void std::exit (int) throw (); using std::exit;
| #endif
| #define X_DISPLAY_MISSING 1
| #define HAVE_DIRENT_H 1
| #define HAVE_REWINDDIR 1
| #define HAVE_POPEN 1
| #define HAVE_MKSTEMP 1
| #define HAVE_FSEEKO 1
| /* end confdefs.h.  */
| #include <paper.h>
configure:10425: result: no
configure:10460: checking for paper.h
configure:10467: result: no
configure:10579: result: not using libpaper library
configure:10707: creating ./config.status

## ---------------------- ##
## Running config.status. ##
## ---------------------- ##

This file was extended by config.status, which was
generated by GNU Autoconf 2.59.  Invocation command line was

  CONFIG_FILES    = 
  CONFIG_HEADERS  = 
  CONFIG_LINKS    = 
  CONFIG_COMMANDS = 
  $ ./config.status 

on syllable

config.status:686: creating Makefile
config.status:686: creating goo/Makefile
config.status:686: creating fofi/Makefile
config.status:686: creating splash/Makefile
config.status:686: creating xpdf/Makefile
config.status:790: creating aconf.h
configure:11768: WARNING: Couldn't find X
configure:11772: WARNING: Couldn't find Motif
configure:11776: WARNING: Couldn't find FreeType
configure:11780: WARNING: -- You will be able to compile pdftops, pdftotext,
        pdfinfo, pdffonts, and pdfimages, but not xpdf or pdftoppm

## ---------------- ##
## Cache variables. ##
## ---------------- ##

ac_cv_c_compiler_gnu=yes
ac_cv_cxx_compiler_gnu=yes
ac_cv_env_CC_set=set
ac_cv_env_CC_value=gcc
ac_cv_env_CFLAGS_set=
ac_cv_env_CFLAGS_value=
ac_cv_env_CPPFLAGS_set=
ac_cv_env_CPPFLAGS_value=
ac_cv_env_CPP_set=
ac_cv_env_CPP_value=
ac_cv_env_CXXFLAGS_set=
ac_cv_env_CXXFLAGS_value=
ac_cv_env_CXX_set=set
ac_cv_env_CXX_value=g++
ac_cv_env_LDFLAGS_set=
ac_cv_env_LDFLAGS_value=
ac_cv_env_build_alias_set=
ac_cv_env_build_alias_value=
ac_cv_env_host_alias_set=
ac_cv_env_host_alias_value=
ac_cv_env_target_alias_set=
ac_cv_env_target_alias_value=
ac_cv_exeext=
ac_cv_func_fseek64=no
ac_cv_func_fseeko=yes
ac_cv_func_ftell64=no
ac_cv_func_gethostbyname=yes
ac_cv_func_popen=yes
ac_cv_func_rewinddir=yes
ac_cv_have_x=have_x=no
ac_cv_header_dirent_dirent_h=yes
ac_cv_header_ft2build_h=no
ac_cv_header_paper_h=no
ac_cv_header_t1lib_h=no
ac_cv_objext=o
ac_cv_path_install='/system/indexes/bin/install -c'
ac_cv_prog_CPP='gcc -E'
ac_cv_prog_ac_ct_CC=gcc
ac_cv_prog_ac_ct_RANLIB=ranlib
ac_cv_prog_cc_g=yes
ac_cv_prog_cc_stdc=
ac_cv_prog_cxx_g=yes
ac_cv_search_opendir='none required'
ac_cv_search_strerror='none required'
ac_cv_sys_file_offset_bits=no
ac_cv_sys_large_files=no
ac_cv_sys_largefile_CC=no
ac_cv_sys_largefile_source=no
smr_cv_with_freetype2_includes=/boot/System/nix/include
smr_cv_with_freetype2_library=maybe
smr_cv_with_libpaper_includes=
smr_cv_with_libpaper_library=maybe
smr_cv_with_t1_includes=
smr_cv_with_t1_library=maybe
xpdf_cv_func_fseek64=no
xpdf_cv_func_ftell64=no
xpdf_cv_func_mkstemp=yes
xpdf_cv_func_mkstemps=no
xpdf_cv_func_select_arg=yes
xpdf_cv_sys_dos=no
xpdf_cv_sys_os2=no

## ----------------- ##
## Output variables. ##
## ----------------- ##

AR='ar rc'
CC='gcc'
CFLAGS='-g -O2'
CPP='gcc -E'
CPPFLAGS=''
CXX='g++'
CXXFLAGS='-g -O2'
DEFS='-DHAVE_CONFIG_H'
ECHO_C=''
ECHO_N='-n'
ECHO_T=''
EGREP=''
EXE=''
EXEEXT=''
INSTALL_DATA='${INSTALL} -m 644'
INSTALL_PROGRAM='${INSTALL}'
INSTALL_SCRIPT='${INSTALL}'
LDFLAGS=''
LIBOBJS=''
LIBPREFIX='lib'
LIBS=''
LTLIBOBJS=''
OBJEXT='o'
PACKAGE_BUGREPORT=''
PACKAGE_NAME=''
PACKAGE_STRING=''
PACKAGE_TARNAME=''
PACKAGE_VERSION=''
PATH_SEPARATOR=':'
RANLIB='ranlib'
SHELL='/bin/sh'
Sgm_CFLAGS=''
Sgm_LIBS=''
UP_DIR=''
X='#'
XPDF_TARGET='all-no-x'
X_CFLAGS=''
X_EXTRA_LIBS=''
X_LIBS=''
X_PRE_LIBS=''
Xext_CFLAGS=''
Xext_LIBS=''
Xm_CFLAGS=''
Xm_LIBS=''
Xp_CFLAGS=''
Xp_LIBS=''
Xpm_CFLAGS=''
Xpm_LIBS=''
Xt_CFLAGS=''
Xt_LIBS=''
ac_ct_CC='gcc'
ac_ct_CXX=''
ac_ct_RANLIB='ranlib'
bindir='${exec_prefix}/bin'
build_alias=''
datadir='${prefix}/share'
exec_prefix='${prefix}'
freetype2_CFLAGS=''
freetype2_LIBS=''
host_alias=''
includedir='${prefix}/include'
infodir='${prefix}/info'
libdir='${exec_prefix}/lib'
libexecdir='${exec_prefix}/libexec'
libpaper_CFLAGS=''
libpaper_LIBS=''
localstatedir='${prefix}/var'
mandir='${prefix}/man'
oldincludedir='/usr/include'
prefix='/usr/local'
program_transform_name='s,x,x,'
sbindir='${exec_prefix}/sbin'
sharedstatedir='${prefix}/com'
sysconfdir='${prefix}/etc'
t1_CFLAGS=''
t1_LIBS=''
target_alias=''

## ----------- ##
## confdefs.h. ##
## ----------- ##

#define HAVE_DIRENT_H 1
#define HAVE_FSEEKO 1
#define HAVE_MKSTEMP 1
#define HAVE_POPEN 1
#define HAVE_REWINDDIR 1
#define PACKAGE_BUGREPORT ""
#define PACKAGE_NAME ""
#define PACKAGE_STRING ""
#define PACKAGE_TARNAME ""
#define PACKAGE_VERSION ""
#define SYSTEM_XPDFRC "/usr/local/etc/xpdfrc"
#define X_DISPLAY_MISSING 1
#endif
#ifdef __cplusplus
extern "C" void std::exit (int) throw (); using std::exit;

configure: exit 0
